[ 2013-03-20T08:51:02+08:00 ] 127.0.0.1 /newPHPProject/
INFO: [ app_begin ] --START--
INFO: Run ReadHtmlCache Behavior [ RunTime:0.023925s ]
INFO: [ app_begin ] --END-- [ RunTime:0.026043s ]
SQL: SHOW COLUMNS FROM `thisisfive_topic` [ RunTime:0.061552s ]
SQL: SELECT * FROM `thisisfive_topic` ORDER BY id desc LIMIT 6   [ RunTime:0.000602s ]
INFO: [ view_template ] --START--
INFO: Run LocationTemplate Behavior [ RunTime:-0.264992s ]
INFO: [ view_template ] --END-- [ RunTime:0.058790s ]
INFO: [ view_parse ] --START--
INFO: Run ParseTemplate Behavior [ RunTime:-0.323940s ]
INFO: [ view_parse ] --END-- [ RunTime:0.173647s ]
INFO: [ view_filter ] --START--
INFO: Run ContentReplace Behavior [ RunTime:-0.497624s ]
INFO: Run TokenBuild Behavior [ RunTime:-0.498461s ]
INFO: Run WriteHtmlCache Behavior [ RunTime:-0.512524s ]
INFO: Run ShowRuntime Behavior [ RunTime:-0.522845s ]
INFO: [ view_filter ] --END-- [ RunTime:0.036365s ]
INFO: [ view_end ] --START--
INFO: Run ShowPageTrace Behavior [ RunTime:-0.534169s ]
INFO: [ view_end ] --END-- [ RunTime:0.018454s ]

[ 2013-03-20T08:51:06+08:00 ] 127.0.0.1 /newPHPProject/index.php/User/login
INFO: [ route_check ] --START--
INFO: Run CheckRoute Behavior [ RunTime:0.013281s ]
INFO: [ route_check ] --END-- [ RunTime:0.013431s ]
INFO: [ app_begin ] --START--
INFO: Run ReadHtmlCache Behavior [ RunTime:-0.000675s ]
INFO: [ app_begin ] --END-- [ RunTime:0.000812s ]
INFO: [ view_template ] --START--
INFO: Run LocationTemplate Behavior [ RunTime:-0.018086s ]
INFO: [ view_template ] --END-- [ RunTime:0.001196s ]
INFO: [ view_parse ] --START--
INFO: Run ParseTemplate Behavior [ RunTime:-0.019420s ]
INFO: [ view_parse ] --END-- [ RunTime:0.020340s ]
INFO: [ view_filter ] --START--
INFO: Run ContentReplace Behavior [ RunTime:-0.039879s ]
INFO: Run TokenBuild Behavior [ RunTime:-0.040554s ]
INFO: Run WriteHtmlCache Behavior [ RunTime:-0.041257s ]
INFO: Run ShowRuntime Behavior [ RunTime:-0.041740s ]
INFO: [ view_filter ] --END-- [ RunTime:0.002841s ]
INFO: [ view_end ] --START--
INFO: Run ShowPageTrace Behavior [ RunTime:-0.042903s ]
INFO: [ view_end ] --END-- [ RunTime:0.001093s ]

[ 2013-03-20T08:51:07+08:00 ] 127.0.0.1 /newPHPProject/index.php/User/dologin
INFO: [ route_check ] --START--
INFO: Run CheckRoute Behavior [ RunTime:0.000927s ]
INFO: [ route_check ] --END-- [ RunTime:0.001075s ]
INFO: [ app_begin ] --START--
INFO: Run ReadHtmlCache Behavior [ RunTime:-0.000629s ]
INFO: [ app_begin ] --END-- [ RunTime:0.000768s ]
SQL: SHOW COLUMNS FROM `thisisfive_user` [ RunTime:0.026371s ]
SQL: SELECT * FROM `thisisfive_user` WHERE ( `username` = 'derek' ) LIMIT 1   [ RunTime:0.000408s ]
INFO: [ view_template ] --START--
INFO: Run LocationTemplate Behavior [ RunTime:-0.048728s ]
INFO: [ view_template ] --END-- [ RunTime:0.000748s ]
INFO: [ view_parse ] --START--
INFO: Run ParseTemplate Behavior [ RunTime:-0.049580s ]
INFO: [ view_parse ] --END-- [ RunTime:0.035212s ]
INFO: [ view_filter ] --START--
INFO: Run ContentReplace Behavior [ RunTime:-0.084853s ]
INFO: Run TokenBuild Behavior [ RunTime:-0.085264s ]
INFO: Run WriteHtmlCache Behavior [ RunTime:-0.085699s ]
INFO: Run ShowRuntime Behavior [ RunTime:-0.085996s ]
INFO: [ view_filter ] --END-- [ RunTime:0.001706s ]
INFO: [ view_end ] --START--
INFO: Run ShowPageTrace Behavior [ RunTime:-0.086672s ]
INFO: [ view_end ] --END-- [ RunTime:0.000611s ]

[ 2013-03-20T08:51:08+08:00 ] 127.0.0.1 /newPHPProject/index.php/Index
INFO: [ route_check ] --START--
INFO: Run CheckRoute Behavior [ RunTime:0.000976s ]
INFO: [ route_check ] --END-- [ RunTime:0.001153s ]
INFO: [ app_begin ] --START--
INFO: Run ReadHtmlCache Behavior [ RunTime:-0.000709s ]
INFO: [ app_begin ] --END-- [ RunTime:0.000820s ]
SQL: SHOW COLUMNS FROM `thisisfive_topic` [ RunTime:0.004095s ]
SQL: SELECT * FROM `thisisfive_topic` ORDER BY id desc LIMIT 6   [ RunTime:0.000322s ]
INFO: [ view_template ] --START--
INFO: Run LocationTemplate Behavior [ RunTime:-0.026066s ]
INFO: [ view_template ] --END-- [ RunTime:0.000638s ]
INFO: [ view_parse ] --START--
INFO: Run ParseTemplate Behavior [ RunTime:-0.026818s ]
INFO: [ view_parse ] --END-- [ RunTime:0.013387s ]
INFO: [ view_filter ] --START--
INFO: Run ContentReplace Behavior [ RunTime:-0.040279s ]
INFO: Run TokenBuild Behavior [ RunTime:-0.040834s ]
INFO: Run WriteHtmlCache Behavior [ RunTime:-0.041343s ]
INFO: Run ShowRuntime Behavior [ RunTime:-0.041688s ]
INFO: [ view_filter ] --END-- [ RunTime:0.002080s ]
INFO: [ view_end ] --START--
INFO: Run ShowPageTrace Behavior [ RunTime:-0.042498s ]
INFO: [ view_end ] --END-- [ RunTime:0.000718s ]

[ 2013-03-20T08:51:13+08:00 ] 127.0.0.1 /newPHPProject/index.php/Topic/add
INFO: [ route_check ] --START--
INFO: Run CheckRoute Behavior [ RunTime:0.001320s ]
INFO: [ route_check ] --END-- [ RunTime:0.001498s ]
INFO: [ app_begin ] --START--
INFO: Run ReadHtmlCache Behavior [ RunTime:-0.000993s ]
INFO: [ app_begin ] --END-- [ RunTime:0.001164s ]
INFO: [ view_template ] --START--
INFO: Run LocationTemplate Behavior [ RunTime:-0.022888s ]
INFO: [ view_template ] --END-- [ RunTime:0.000671s ]
INFO: [ view_parse ] --START--
INFO: Run ParseTemplate Behavior [ RunTime:-0.023616s ]
INFO: [ view_parse ] --END-- [ RunTime:0.030498s ]
INFO: [ view_filter ] --START--
INFO: Run ContentReplace Behavior [ RunTime:-0.054170s ]
INFO: Run TokenBuild Behavior [ RunTime:-0.054635s ]
INFO: Run WriteHtmlCache Behavior [ RunTime:-0.055007s ]
INFO: Run ShowRuntime Behavior [ RunTime:-0.055275s ]
INFO: [ view_filter ] --END-- [ RunTime:0.001807s ]
INFO: [ view_end ] --START--
INFO: Run ShowPageTrace Behavior [ RunTime:-0.056062s ]
INFO: [ view_end ] --END-- [ RunTime:0.000553s ]

[ 2013-03-20T08:51:16+08:00 ] 127.0.0.1 /newPHPProject/index.php/Index
INFO: [ route_check ] --START--
INFO: Run CheckRoute Behavior [ RunTime:0.000866s ]
INFO: [ route_check ] --END-- [ RunTime:0.001010s ]
INFO: [ app_begin ] --START--
INFO: Run ReadHtmlCache Behavior [ RunTime:-0.000640s ]
INFO: [ app_begin ] --END-- [ RunTime:0.000783s ]
SQL: SHOW COLUMNS FROM `thisisfive_topic` [ RunTime:0.002862s ]
SQL: SELECT * FROM `thisisfive_topic` ORDER BY id desc LIMIT 6   [ RunTime:0.000239s ]
INFO: [ view_template ] --START--
INFO: Run LocationTemplate Behavior [ RunTime:-0.024997s ]
INFO: [ view_template ] --END-- [ RunTime:0.000580s ]
INFO: [ view_parse ] --START--
INFO: Run ParseTemplate Behavior [ RunTime:-0.025653s ]
INFO: [ view_parse ] --END-- [ RunTime:0.008790s ]
INFO: [ view_filter ] --START--
INFO: Run ContentReplace Behavior [ RunTime:-0.034488s ]
INFO: Run TokenBuild Behavior [ RunTime:-0.034854s ]
INFO: Run WriteHtmlCache Behavior [ RunTime:-0.035175s ]
INFO: Run ShowRuntime Behavior [ RunTime:-0.035395s ]
INFO: [ view_filter ] --END-- [ RunTime:0.001347s ]
INFO: [ view_end ] --START--
INFO: Run ShowPageTrace Behavior [ RunTime:-0.035923s ]
INFO: [ view_end ] --END-- [ RunTime:0.000452s ]

[ 2013-03-20T09:43:16+08:00 ] 127.0.0.1 /newPHPProject/index.php/Index
INFO: [ route_check ] --START--
INFO: Run CheckRoute Behavior [ RunTime:0.001077s ]
INFO: [ route_check ] --END-- [ RunTime:0.001225s ]
INFO: [ app_begin ] --START--
INFO: Run ReadHtmlCache Behavior [ RunTime:-0.000832s ]
INFO: [ app_begin ] --END-- [ RunTime:0.000877s ]
SQL: SHOW COLUMNS FROM `thisisfive_topic` [ RunTime:0.004521s ]
SQL: SELECT * FROM `thisisfive_topic` ORDER BY id desc LIMIT 6   [ RunTime:0.000333s ]
INFO: [ view_template ] --START--
INFO: Run LocationTemplate Behavior [ RunTime:-0.027985s ]
INFO: [ view_template ] --END-- [ RunTime:0.001137s ]
INFO: [ view_parse ] --START--
INFO: Run ParseTemplate Behavior [ RunTime:-0.029247s ]
INFO: [ view_parse ] --END-- [ RunTime:0.015912s ]
INFO: [ view_filter ] --START--
INFO: Run ContentReplace Behavior [ RunTime:-0.045242s ]
INFO: Run TokenBuild Behavior [ RunTime:-0.045957s ]
INFO: Run WriteHtmlCache Behavior [ RunTime:-0.046613s ]
INFO: Run ShowRuntime Behavior [ RunTime:-0.047088s ]
INFO: [ view_filter ] --END-- [ RunTime:0.002675s ]
INFO: [ view_end ] --START--
INFO: Run ShowPageTrace Behavior [ RunTime:-0.048067s ]
INFO: [ view_end ] --END-- [ RunTime:0.000896s ]

[ 2013-03-20T10:26:37+08:00 ] 127.0.0.1 /newPHPProject/index.php/Index
INFO: [ route_check ] --START--
INFO: Run CheckRoute Behavior [ RunTime:0.001434s ]
INFO: [ route_check ] --END-- [ RunTime:0.001625s ]
INFO: [ app_begin ] --START--
INFO: Run ReadHtmlCache Behavior [ RunTime:-0.000958s ]
INFO: [ app_begin ] --END-- [ RunTime:0.000511s ]
SQL: SHOW COLUMNS FROM `thisisfive_topic` [ RunTime:0.002905s ]
SQL: SELECT * FROM `thisisfive_topic` ORDER BY id desc LIMIT 6   [ RunTime:0.000222s ]
INFO: [ view_template ] --START--
INFO: Run LocationTemplate Behavior [ RunTime:-0.021953s ]
INFO: [ view_template ] --END-- [ RunTime:0.000687s ]
INFO: [ view_parse ] --START--
INFO: Run ParseTemplate Behavior [ RunTime:-0.022714s ]
INFO: [ view_parse ] --END-- [ RunTime:0.010105s ]
INFO: [ view_filter ] --START--
INFO: Run ContentReplace Behavior [ RunTime:-0.032867s ]
INFO: Run TokenBuild Behavior [ RunTime:-0.033282s ]
INFO: Run WriteHtmlCache Behavior [ RunTime:-0.033666s ]
INFO: Run ShowRuntime Behavior [ RunTime:-0.033944s ]
INFO: [ view_filter ] --END-- [ RunTime:0.001562s ]
INFO: [ view_end ] --START--
INFO: Run ShowPageTrace Behavior [ RunTime:-0.034521s ]
INFO: [ view_end ] --END-- [ RunTime:0.000521s ]

